<?xml version="1.0" encoding="UTF-8"?>
<testsuites name="Mocha Tests" time="0.0000" tests="1" failures="1">
  <testsuite name="Root Suite" timestamp="2021-10-01T07:24:43" tests="0" file="cypress/integration/simple-test.js" time="0.0000" failures="0">
  </testsuite>
  <testsuite name="The Home Page" timestamp="2021-10-01T07:24:43" tests="1" time="0.0000" failures="1">
    <testcase name="The Home Page successfully loads" time="0.0000" classname="successfully loads">
      <failure message="expected undefined to equal &apos;testvalue&apos;" type="AssertionError"><![CDATA[AssertionError: expected undefined to equal 'testvalue'
    at Context.eval (http://localhost:50063/__cypress/tests?p=cypress/integration/simple-test.js:102:41)]]></failure>
    </testcase>
  </testsuite>
</testsuites>